/mnt/home/20236065/anaconda3/lib/python3.10/site-packages/glfw/__init__.py:916: GLFWError: (65544) b'X11: The DISPLAY environment variable is missing'
  warnings.warn(message, GLFWError)
===== HYPERPARAMTERS =====
Domain and task: walker - run
Discount factor gamma: 0.99
Target update weight tau: 0.005
Learning rate: 0.0001
Number of episodes: 10000
Random seed: 42
Temperature alpha: automatic
Replay buffer size: 1000000
Replay buffer batch size: 100
Save intermediate: True
Episode: 0, steps: 1000, return: 26.33
Test in episode: 0, average return: 26.33
Episode: 1, steps: 2000, return: 32.25
Episode: 2, steps: 3000, return: 30.4
Episode: 3, steps: 4000, return: 43.08
Episode: 4, steps: 5000, return: 30.15
Episode: 5, steps: 6000, return: 24.93
Episode: 6, steps: 7000, return: 24.34
Episode: 7, steps: 8000, return: 28.86
Episode: 8, steps: 9000, return: 24.58
Episode: 9, steps: 10000, return: 23.11
Episode: 10, steps: 11000, return: 25.13
Episode: 11, steps: 12000, return: 25.38
Episode: 12, steps: 13000, return: 24.55
Episode: 13, steps: 14000, return: 24.16
Episode: 14, steps: 15000, return: 22.77
Episode: 15, steps: 16000, return: 20.12
Episode: 16, steps: 17000, return: 23.64
Episode: 17, steps: 18000, return: 33.23
Episode: 18, steps: 19000, return: 37.44
Episode: 19, steps: 20000, return: 26.42
Episode: 20, steps: 21000, return: 32.66
Episode: 21, steps: 22000, return: 27.02
Episode: 22, steps: 23000, return: 31.15
Episode: 23, steps: 24000, return: 31.46
Episode: 24, steps: 25000, return: 34.93
Episode: 25, steps: 26000, return: 27.73
Episode: 26, steps: 27000, return: 25.15
Episode: 27, steps: 28000, return: 24.76
Episode: 28, steps: 29000, return: 24.27
Episode: 29, steps: 30000, return: 26.59
Episode: 30, steps: 31000, return: 23.0
Episode: 31, steps: 32000, return: 24.43
Episode: 32, steps: 33000, return: 25.32
Episode: 33, steps: 34000, return: 32.2
Episode: 34, steps: 35000, return: 29.12
Episode: 35, steps: 36000, return: 28.38
Episode: 36, steps: 37000, return: 26.54
Episode: 37, steps: 38000, return: 24.99
Episode: 38, steps: 39000, return: 21.74
Episode: 39, steps: 40000, return: 25.2
Episode: 40, steps: 41000, return: 31.72
Episode: 41, steps: 42000, return: 28.99
Episode: 42, steps: 43000, return: 29.44
Episode: 43, steps: 44000, return: 23.09
Episode: 44, steps: 45000, return: 20.97
Episode: 45, steps: 46000, return: 31.08
Episode: 46, steps: 47000, return: 25.96
Episode: 47, steps: 48000, return: 35.66
Episode: 48, steps: 49000, return: 40.18
Episode: 49, steps: 50000, return: 33.78
Episode: 50, steps: 51000, return: 37.21
Episode: 51, steps: 52000, return: 33.13
Episode: 52, steps: 53000, return: 49.32
Episode: 53, steps: 54000, return: 27.84
Episode: 54, steps: 55000, return: 40.73
Episode: 55, steps: 56000, return: 34.22
Episode: 56, steps: 57000, return: 45.6
Episode: 57, steps: 58000, return: 35.36
Episode: 58, steps: 59000, return: 49.97
Episode: 59, steps: 60000, return: 47.22
Episode: 60, steps: 61000, return: 32.08
Episode: 61, steps: 62000, return: 44.5
Episode: 62, steps: 63000, return: 34.06
Episode: 63, steps: 64000, return: 29.58
Episode: 64, steps: 65000, return: 33.33
Episode: 65, steps: 66000, return: 32.43
Episode: 66, steps: 67000, return: 30.68
Episode: 67, steps: 68000, return: 31.4
Episode: 68, steps: 69000, return: 39.89
Episode: 69, steps: 70000, return: 44.65
Episode: 70, steps: 71000, return: 38.96
Episode: 71, steps: 72000, return: 40.0
Episode: 72, steps: 73000, return: 53.49
Episode: 73, steps: 74000, return: 41.9
Episode: 74, steps: 75000, return: 31.66
Episode: 75, steps: 76000, return: 34.58
Episode: 76, steps: 77000, return: 36.54
Episode: 77, steps: 78000, return: 43.75
Episode: 78, steps: 79000, return: 37.64
Episode: 79, steps: 80000, return: 37.84
Episode: 80, steps: 81000, return: 36.86
Episode: 81, steps: 82000, return: 34.24
Episode: 82, steps: 83000, return: 32.01
Episode: 83, steps: 84000, return: 42.61
Episode: 84, steps: 85000, return: 38.04
Episode: 85, steps: 86000, return: 34.55
Episode: 86, steps: 87000, return: 32.57
Episode: 87, steps: 88000, return: 35.87
Episode: 88, steps: 89000, return: 42.48
Episode: 89, steps: 90000, return: 48.28
Episode: 90, steps: 91000, return: 44.63
Episode: 91, steps: 92000, return: 43.65
Episode: 92, steps: 93000, return: 45.93
Episode: 93, steps: 94000, return: 43.86
Episode: 94, steps: 95000, return: 43.86
Episode: 95, steps: 96000, return: 41.51
Episode: 96, steps: 97000, return: 51.22
Episode: 97, steps: 98000, return: 47.41
Episode: 98, steps: 99000, return: 54.22
Episode: 99, steps: 100000, return: 50.84
Episode: 100, steps: 101000, return: 49.38
Episode: 101, steps: 102000, return: 39.27
Episode: 102, steps: 103000, return: 45.22
Episode: 103, steps: 104000, return: 51.03
Episode: 104, steps: 105000, return: 44.28
Episode: 105, steps: 106000, return: 42.95
Episode: 106, steps: 107000, return: 25.42
Episode: 107, steps: 108000, return: 54.7
Episode: 108, steps: 109000, return: 45.8
Episode: 109, steps: 110000, return: 53.98
Episode: 110, steps: 111000, return: 41.96
Episode: 111, steps: 112000, return: 44.28
Episode: 112, steps: 113000, return: 45.39
Episode: 113, steps: 114000, return: 47.88
Episode: 114, steps: 115000, return: 36.24
Episode: 115, steps: 116000, return: 57.43
Episode: 116, steps: 117000, return: 51.25
Episode: 117, steps: 118000, return: 52.03
Episode: 118, steps: 119000, return: 47.0
Episode: 119, steps: 120000, return: 50.19
Episode: 120, steps: 121000, return: 40.02
Episode: 121, steps: 122000, return: 48.45
Episode: 122, steps: 123000, return: 53.19
Episode: 123, steps: 124000, return: 51.86
Episode: 124, steps: 125000, return: 38.3
Episode: 125, steps: 126000, return: 44.75
Episode: 126, steps: 127000, return: 44.42
Episode: 127, steps: 128000, return: 49.67
Episode: 128, steps: 129000, return: 56.2
Episode: 129, steps: 130000, return: 39.98
Episode: 130, steps: 131000, return: 47.53
Episode: 131, steps: 132000, return: 49.17
Episode: 132, steps: 133000, return: 53.57
Episode: 133, steps: 134000, return: 51.88
Episode: 134, steps: 135000, return: 70.76
Episode: 135, steps: 136000, return: 42.13
Episode: 136, steps: 137000, return: 56.1
Episode: 137, steps: 138000, return: 49.42
Episode: 138, steps: 139000, return: 37.55
Episode: 139, steps: 140000, return: 60.79
Episode: 140, steps: 141000, return: 71.38
Episode: 141, steps: 142000, return: 42.94
Episode: 142, steps: 143000, return: 44.14
Episode: 143, steps: 144000, return: 38.47
Episode: 144, steps: 145000, return: 55.38
Episode: 145, steps: 146000, return: 60.65
Episode: 146, steps: 147000, return: 46.13
Episode: 147, steps: 148000, return: 44.15
Episode: 148, steps: 149000, return: 54.67
Episode: 149, steps: 150000, return: 57.21
Episode: 150, steps: 151000, return: 51.37
Episode: 151, steps: 152000, return: 48.96
Episode: 152, steps: 153000, return: 52.46
Episode: 153, steps: 154000, return: 58.1
Episode: 154, steps: 155000, return: 50.65
Episode: 155, steps: 156000, return: 64.6
Episode: 156, steps: 157000, return: 65.59
Episode: 157, steps: 158000, return: 62.34
Episode: 158, steps: 159000, return: 42.11
Episode: 159, steps: 160000, return: 40.98
Episode: 160, steps: 161000, return: 45.59
Episode: 161, steps: 162000, return: 50.24
Episode: 162, steps: 163000, return: 45.24
Episode: 163, steps: 164000, return: 41.72
Episode: 164, steps: 165000, return: 42.75
Episode: 165, steps: 166000, return: 51.49
Episode: 166, steps: 167000, return: 50.92
Episode: 167, steps: 168000, return: 49.23
Episode: 168, steps: 169000, return: 50.38
Episode: 169, steps: 170000, return: 37.6
Episode: 170, steps: 171000, return: 41.59
Episode: 171, steps: 172000, return: 51.45
Episode: 172, steps: 173000, return: 45.43
Episode: 173, steps: 174000, return: 41.19
Episode: 174, steps: 175000, return: 61.43
Episode: 175, steps: 176000, return: 43.19
Episode: 176, steps: 177000, return: 48.53
Episode: 177, steps: 178000, return: 46.21
Episode: 178, steps: 179000, return: 43.27
Episode: 179, steps: 180000, return: 33.91
Episode: 180, steps: 181000, return: 36.53
Episode: 181, steps: 182000, return: 31.64
Episode: 182, steps: 183000, return: 32.96
Episode: 183, steps: 184000, return: 39.72
Episode: 184, steps: 185000, return: 29.57
Episode: 185, steps: 186000, return: 33.41
Episode: 186, steps: 187000, return: 39.9
Episode: 187, steps: 188000, return: 51.46
Episode: 188, steps: 189000, return: 40.64
Episode: 189, steps: 190000, return: 64.43
Episode: 190, steps: 191000, return: 42.83
Episode: 191, steps: 192000, return: 46.81
Episode: 192, steps: 193000, return: 40.55
Episode: 193, steps: 194000, return: 43.45
Episode: 194, steps: 195000, return: 45.6
Episode: 195, steps: 196000, return: 42.46
Episode: 196, steps: 197000, return: 46.06
