/mnt/home/20236065/anaconda3/lib/python3.10/site-packages/glfw/__init__.py:916: GLFWError: (65544) b'X11: The DISPLAY environment variable is missing'
  warnings.warn(message, GLFWError)
===== HYPERPARAMTERS =====
Domain and task: walker - run
Discount factor gamma: 0.99
Target update weight tau: 0.005
Target update every: 1 steps
Learning rate: 0.0003
Update every 50 step
Number of episodes: 1000
Steps per episode: 10000
Random seed: 0
Temperature alpha: 0.2
Replay buffer size: 1000000
Replay buffer batch size: 256
Save intermediate: True
Q hidden neurons: 256
PI hidden neurons: 256
PI non-linearity: relu
Number of tests to perform at every episode: 10
Perform intial 10000 steps in the environment to fill the buffer enough
Rollout: 0, return: 23.41
Rollout: 1, return: 21.55
Rollout: 2, return: 22.75
Rollout: 3, return: 22.96
Rollout: 4, return: 27.04
Rollout: 5, return: 22.47
Rollout: 6, return: 20.01
Rollout: 7, return: 24.57
Rollout: 8, return: 21.38
Rollout: 9, return: 23.08
Deterministic test in episode: 0, average return: 24.23
Random test in episode: 0, average return: 22.83
Rollout: 10, return: 21.07
Rollout: 11, return: 22.82
Rollout: 12, return: 23.74
Rollout: 13, return: 22.99
Rollout: 14, return: 22.27
Rollout: 15, return: 28.86
Rollout: 16, return: 22.98
Rollout: 17, return: 22.3
Rollout: 18, return: 23.38
Rollout: 19, return: 26.2
Deterministic test in episode: 1, average return: 23.43
Random test in episode: 1, average return: 23.16
Rollout: 20, return: 23.15
Rollout: 21, return: 22.34
Rollout: 22, return: 23.94
Rollout: 23, return: 25.54
Rollout: 24, return: 23.16
Rollout: 25, return: 25.37
Rollout: 26, return: 26.69
Rollout: 27, return: 24.38
Rollout: 28, return: 24.69
Rollout: 29, return: 23.98
Deterministic test in episode: 2, average return: 24.68
Random test in episode: 2, average return: 23.29
Rollout: 30, return: 20.57
Rollout: 31, return: 25.83
Rollout: 32, return: 22.98
Rollout: 33, return: 24.4
Rollout: 34, return: 24.36
Rollout: 35, return: 24.96
Rollout: 36, return: 22.9
Rollout: 37, return: 25.01
Rollout: 38, return: 23.36
Rollout: 39, return: 20.58
Deterministic test in episode: 3, average return: 24.54
Random test in episode: 3, average return: 24.05
Rollout: 40, return: 24.22
Rollout: 41, return: 24.77
Rollout: 42, return: 24.52
Rollout: 43, return: 22.04
Rollout: 44, return: 22.6
Rollout: 45, return: 23.95
Rollout: 46, return: 24.16
Rollout: 47, return: 24.4
Rollout: 48, return: 23.84
Rollout: 49, return: 23.9
Deterministic test in episode: 4, average return: 23.39
Random test in episode: 4, average return: 22.86
Rollout: 50, return: 22.59
Rollout: 51, return: 24.23
Rollout: 52, return: 22.29
Rollout: 53, return: 24.16
Rollout: 54, return: 24.53
Rollout: 55, return: 21.64
Rollout: 56, return: 24.25
Rollout: 57, return: 24.39
Rollout: 58, return: 24.49
Rollout: 59, return: 23.64
Deterministic test in episode: 5, average return: 24.32
Random test in episode: 5, average return: 24.8
Rollout: 60, return: 22.05
Rollout: 61, return: 24.2
Rollout: 62, return: 24.74
Rollout: 63, return: 22.43
Rollout: 64, return: 21.92
Rollout: 65, return: 24.21
Rollout: 66, return: 24.0
Rollout: 67, return: 24.63
Rollout: 68, return: 27.71
Rollout: 69, return: 25.25
Deterministic test in episode: 6, average return: 23.31
Random test in episode: 6, average return: 23.68
Rollout: 70, return: 23.99
Rollout: 71, return: 24.6
Rollout: 72, return: 24.35
Rollout: 73, return: 24.44
Rollout: 74, return: 22.63
Rollout: 75, return: 24.55
Rollout: 76, return: 23.73
Rollout: 77, return: 24.45
Rollout: 78, return: 23.9
Rollout: 79, return: 24.04
Deterministic test in episode: 7, average return: 26.45
Random test in episode: 7, average return: 23.1
Rollout: 80, return: 24.69
Rollout: 81, return: 22.06
Rollout: 82, return: 20.99
Rollout: 83, return: 22.73
Rollout: 84, return: 22.13
Rollout: 85, return: 23.35
Rollout: 86, return: 21.58
Rollout: 87, return: 24.28
Rollout: 88, return: 27.22
Rollout: 89, return: 22.78
Deterministic test in episode: 8, average return: 22.18
Random test in episode: 8, average return: 24.74
Rollout: 90, return: 23.84
Rollout: 91, return: 23.82
Rollout: 92, return: 24.7
Rollout: 93, return: 26.98
Rollout: 94, return: 24.82
Rollout: 95, return: 25.84
Rollout: 96, return: 23.41
Rollout: 97, return: 24.81
Rollout: 98, return: 26.92
Rollout: 99, return: 25.32
Deterministic test in episode: 9, average return: 23.09
Random test in episode: 9, average return: 24.22
Rollout: 100, return: 24.75
Rollout: 101, return: 23.97
Rollout: 102, return: 23.73
Rollout: 103, return: 22.38
Rollout: 104, return: 21.97
Rollout: 105, return: 22.4
Rollout: 106, return: 22.31
Rollout: 107, return: 27.37
Rollout: 108, return: 25.23
Rollout: 109, return: 24.09
Deterministic test in episode: 10, average return: 22.35
Random test in episode: 10, average return: 22.58
Rollout: 110, return: 22.18
Rollout: 111, return: 23.36
Rollout: 112, return: 23.73
Rollout: 113, return: 24.36
Rollout: 114, return: 24.03
Rollout: 115, return: 23.49
Rollout: 116, return: 24.16
Rollout: 117, return: 26.2
Rollout: 118, return: 23.89
Rollout: 119, return: 22.63
Deterministic test in episode: 11, average return: 23.95
Random test in episode: 11, average return: 22.41
Rollout: 120, return: 30.72
Rollout: 121, return: 24.65
Rollout: 122, return: 22.8
Rollout: 123, return: 21.74
Rollout: 124, return: 21.91
Rollout: 125, return: 27.19
Rollout: 126, return: 25.03
Rollout: 127, return: 23.64
Rollout: 128, return: 22.23
Rollout: 129, return: 24.31
Deterministic test in episode: 12, average return: 22.9
Random test in episode: 12, average return: 23.56
Rollout: 130, return: 23.2
Rollout: 131, return: 24.21
Rollout: 132, return: 25.97
Rollout: 133, return: 23.64
Rollout: 134, return: 24.8
Rollout: 135, return: 23.73
Rollout: 136, return: 24.35
Rollout: 137, return: 22.27
Rollout: 138, return: 24.65
Rollout: 139, return: 25.11
Deterministic test in episode: 13, average return: 22.5
Random test in episode: 13, average return: 23.85
Rollout: 140, return: 21.75
Rollout: 141, return: 22.03
Rollout: 142, return: 21.69
Rollout: 143, return: 23.16
Rollout: 144, return: 24.56
Rollout: 145, return: 24.62
Rollout: 146, return: 30.41
Rollout: 147, return: 24.33
Rollout: 148, return: 24.33
Rollout: 149, return: 22.79
Deterministic test in episode: 14, average return: 26.28
Random test in episode: 14, average return: 24.05
Rollout: 150, return: 24.69
Rollout: 151, return: 23.1
Rollout: 152, return: 27.53
Rollout: 153, return: 22.17
Rollout: 154, return: 27.85
Rollout: 155, return: 22.55
Rollout: 156, return: 22.73
Rollout: 157, return: 30.13
Rollout: 158, return: 22.66
Rollout: 159, return: 23.88
Deterministic test in episode: 15, average return: 22.33
Random test in episode: 15, average return: 23.59
Rollout: 160, return: 24.89
Rollout: 161, return: 24.23
Rollout: 162, return: 23.43
Rollout: 163, return: 25.35
Rollout: 164, return: 24.98
Rollout: 165, return: 21.67
Rollout: 166, return: 24.22
Rollout: 167, return: 22.4
Rollout: 168, return: 23.01
Rollout: 169, return: 24.28
Deterministic test in episode: 16, average return: 35.21
Random test in episode: 16, average return: 22.81
Rollout: 170, return: 22.37
Rollout: 171, return: 24.36
Rollout: 172, return: 23.21
Rollout: 173, return: 21.8
Rollout: 174, return: 22.65
Rollout: 175, return: 23.72
Rollout: 176, return: 24.6
Rollout: 177, return: 24.31
Rollout: 178, return: 26.82
Rollout: 179, return: 22.57
Deterministic test in episode: 17, average return: 22.62
Random test in episode: 17, average return: 26.19
Rollout: 180, return: 23.53
